<?xml version="1.0" encoding="UTF-8"?>
<!-- Generated by org.testng.reporters.JUnitXMLReporter -->
<testsuite hostname="HSNMM-AbhishekB" name="Bulk" tests="1" failures="1" timestamp="31 Jan 2017 07:23:25 GMT" time="59.782" errors="0">
  <testcase name="CMSDataCreation" time="59.772" classname="com.hs18.TestDataCreation.CMSTestDataCreation">
    <failure type="java.lang.NullPointerException">
      <![CDATA[java.lang.NullPointerException
	at com.hs18.TestDataCreation.CMSTestDataCreation.CMSDataCreation(CMSTestDataCreation.java)
... Removed 25 stack frames]]>
    </failure>
  </testcase> <!-- CMSDataCreation -->
</testsuite> <!-- Bulk -->
