<?xml version="1.0" encoding="UTF-8"?>
<!-- Generated by org.testng.reporters.JUnitXMLReporter -->
<testsuite hostname="HSNMM-AbhishekB" name="CMSData" tests="2" failures="2" timestamp="8 Feb 2017 06:15:43 GMT" time="19.911" errors="0">
  <testcase name="CMSDataCreation" time="11.631" classname="com.hs18.TestDataCreation.CMSTestDataCreation">
    <failure type="org.openqa.selenium.WebDriverException" message="chrome not reachable
  (Session info: chrome=55.0.2883.87)
  (Driver info: chromedriver=2.25.426923 (0390b88869384d6eb0d5d09729679f934aab9eed),platform=Windows NT 6.1.7601 SP1 x86_64) (WARNING: The server did not provide any stacktrace information)
Command duration or timeout: 4.05 seconds
Build info: version: &amp;apos;2.52.0&amp;apos;, revision: &amp;apos;4c2593cfc3689a7fcd7be52549167e5ccc93ad28&amp;apos;, time: &amp;apos;2016-02-11 11:22:43&amp;apos;
System info: host: &amp;apos;HSNMM-AbhishekB&amp;apos;, ip: &amp;apos;10.50.33.83&amp;apos;, os.name: &amp;apos;Windows 7&amp;apos;, os.arch: &amp;apos;amd64&amp;apos;, os.version: &amp;apos;6.1&amp;apos;, java.version: &amp;apos;1.7.0_79&amp;apos;
Session ID: 00f27b6fe012566230140952167eba86
Driver info: org.openqa.selenium.chrome.ChromeDriver
Capabilities [{platform=XP, acceptSslCerts=true, javascriptEnabled=true, browserName=chrome, chrome={userDataDir=C:\Users\ABHISH~1.BIS\AppData\Local\Temp\scoped_dir16552_20519, chromedriverVersion=2.25.426923 (0390b88869384d6eb0d5d09729679f934aab9eed)}, networkConnectionEnabled=false, rotatable=false, locationContextEnabled=true, mobileEmulationEnabled=false, version=55.0.2883.87, pageLoadStrategy=normal, takesHeapSnapshot=true, cssSelectorsEnabled=true, databaseEnabled=false, handlesAlerts=true, browserConnectionEnabled=false, webStorageEnabled=true, nativeEvents=true, hasTouchScreen=false, applicationCacheEnabled=false, takesScreenshot=true}]">
      <![CDATA[org.openqa.selenium.WebDriverException: chrome not reachable
  (Session info: chrome=55.0.2883.87)
  (Driver info: chromedriver=2.25.426923 (0390b88869384d6eb0d5d09729679f934aab9eed),platform=Windows NT 6.1.7601 SP1 x86_64) (WARNING: The server did not provide any stacktrace information)
Command duration or timeout: 4.05 seconds
Build info: version: '2.52.0', revision: '4c2593cfc3689a7fcd7be52549167e5ccc93ad28', time: '2016-02-11 11:22:43'
System info: host: 'HSNMM-AbhishekB', ip: '10.50.33.83', os.name: 'Windows 7', os.arch: 'amd64', os.version: '6.1', java.version: '1.7.0_79'
Session ID: 00f27b6fe012566230140952167eba86
Driver info: org.openqa.selenium.chrome.ChromeDriver
Capabilities [{platform=XP, acceptSslCerts=true, javascriptEnabled=true, browserName=chrome, chrome={userDataDir=C:\Users\ABHISH~1.BIS\AppData\Local\Temp\scoped_dir16552_20519, chromedriverVersion=2.25.426923 (0390b88869384d6eb0d5d09729679f934aab9eed)}, networkConnectionEnabled=false, rotatable=false, locationContextEnabled=true, mobileEmulationEnabled=false, version=55.0.2883.87, pageLoadStrategy=normal, takesHeapSnapshot=true, cssSelectorsEnabled=true, databaseEnabled=false, handlesAlerts=true, browserConnectionEnabled=false, webStorageEnabled=true, nativeEvents=true, hasTouchScreen=false, applicationCacheEnabled=false, takesScreenshot=true}]
	at org.openqa.selenium.remote.ErrorHandler.createThrowable(ErrorHandler.java:206)
	at org.openqa.selenium.remote.ErrorHandler.throwIfResponseFailed(ErrorHandler.java:158)
	at org.openqa.selenium.remote.RemoteWebDriver.execute(RemoteWebDriver.java:678)
	at org.openqa.selenium.remote.RemoteWebDriver.get(RemoteWebDriver.java:316)
	at com.hs18.util.Action.openUrl(Action.java:42)
	at com.hs18.TestDataCreation.CMSTestDataCreation.stateChange(CMSTestDataCreation.java:80)
	at com.hs18.TestDataCreation.CMSTestDataCreation.CMSDataCreation(CMSTestDataCreation.java:23)
... Removed 28 stack frames]]>
    </failure>
  </testcase> <!-- CMSDataCreation -->
  <testcase name="CMSDataCreation" time="15.837" classname="com.hs18.TestDataCreation.CMSTestDataCreation">
    <failure type="java.lang.NullPointerException" message="Source must not be null">
      <![CDATA[java.lang.NullPointerException: Source must not be null
	at org.apache.commons.io.FileUtils.copyFile(FileUtils.java:998)
	at org.apache.commons.io.FileUtils.copyFile(FileUtils.java:968)
	at com.hs18.util.Screenshot.onTestFailure(Screenshot.java:46)
... Removed 21 stack frames]]>
    </failure>
  </testcase> <!-- CMSDataCreation -->
</testsuite> <!-- CMSData -->
