<?xml version="1.0" encoding="UTF-8"?>
<testng-results skipped="0" failed="0" total="1" passed="1">
  <reporter-output>
  </reporter-output>
  <suite name="BulkOrder" duration-ms="24574" started-at="2017-02-14T11:14:02Z" finished-at="2017-02-14T11:14:26Z">
    <groups>
    </groups>
    <test name="Bulk" duration-ms="24574" started-at="2017-02-14T11:14:02Z" finished-at="2017-02-14T11:14:26Z">
      <class name="com.hs18.TestDataCreation.BulkOrderCreation">
        <test-method status="PASS" signature="setDriver(java.lang.String, java.lang.String, java.lang.String, java.lang.String, java.lang.String, java.lang.String, java.lang.String, java.lang.String)[pri:0, instance:com.hs18.TestDataCreation.BulkOrderCreation@6e025d3b]" name="setDriver" is-config="true" duration-ms="1010" started-at="2017-02-14T16:44:01Z" finished-at="2017-02-14T16:44:02Z">
          <params>
            <param index="0">
              <value>
                <![CDATA[CRM]]>
              </value>
            </param>
            <param index="1">
              <value>
                <![CDATA[Preprod]]>
              </value>
            </param>
            <param index="2">
              <value>
                <![CDATA[Smoke]]>
              </value>
            </param>
            <param index="3">
              <value>
                <![CDATA[mobile]]>
              </value>
            </param>
            <param index="4">
              <value>
                <![CDATA[E:\Projects\HS18Automation\UIAutomation\QAAutomation\TestFile\TestDataCreation.xls]]>
              </value>
            </param>
            <param index="5">
              <value>
                <![CDATA[Extent.html]]>
              </value>
            </param>
            <param index="6">
              <value>
                <![CDATA[abhishek.bisht@homeshop18.com]]>
              </value>
            </param>
            <param index="7">
              <value>
                <![CDATA[E:\Projects\HS18Automation\UIAutomation\QAAutomation]]>
              </value>
            </param>
          </params>
          <reporter-output>
          </reporter-output>
        </test-method> <!-- setDriver -->
        <test-method status="PASS" signature="beforeFielSet()[pri:0, instance:com.hs18.TestDataCreation.BulkOrderCreation@6e025d3b]" name="beforeFielSet" is-config="true" duration-ms="0" started-at="2017-02-14T16:44:02Z" finished-at="2017-02-14T16:44:02Z">
          <reporter-output>
          </reporter-output>
        </test-method> <!-- beforeFielSet -->
        <test-method status="PASS" signature="createBulkOrders(java.lang.String, java.lang.String, java.lang.String, java.lang.String, java.lang.String, java.lang.String, java.lang.String, java.lang.String, java.lang.String)[pri:0, instance:com.hs18.TestDataCreation.BulkOrderCreation@6e025d3b]" name="createBulkOrders" duration-ms="24319" started-at="2017-02-14T16:44:02Z" description="bulkordercreation" data-provider="BulkDetail" finished-at="2017-02-14T16:44:26Z">
          <params>
            <param index="0">
              <value>
                <![CDATA[10]]>
              </value>
            </param>
            <param index="1">
              <value>
                <![CDATA[abhishekhomeshop@gmail.com]]>
              </value>
            </param>
            <param index="2">
              <value>
                <![CDATA[Abhishek]]>
              </value>
            </param>
            <param index="3">
              <value>
                <![CDATA[Bisht]]>
              </value>
            </param>
            <param index="4">
              <value>
                <![CDATA[Dehra Dun]]>
              </value>
            </param>
            <param index="5">
              <value>
                <![CDATA[248001]]>
              </value>
            </param>
            <param index="6">
              <value>
                <![CDATA[9990421145]]>
              </value>
            </param>
            <param index="7">
              <value>
                <![CDATA[33614556]]>
              </value>
            </param>
            <param index="8">
              <value>
                <![CDATA[946587944]]>
              </value>
            </param>
          </params>
          <reporter-output>
          </reporter-output>
        </test-method> <!-- createBulkOrders -->
        <test-method status="PASS" signature="driverClose()[pri:0, instance:com.hs18.TestDataCreation.BulkOrderCreation@6e025d3b]" name="driverClose" is-config="true" duration-ms="27" started-at="2017-02-14T16:44:26Z" finished-at="2017-02-14T16:44:26Z">
          <reporter-output>
          </reporter-output>
        </test-method> <!-- driverClose -->
      </class> <!-- com.hs18.TestDataCreation.BulkOrderCreation -->
    </test> <!-- Bulk -->
  </suite> <!-- BulkOrder -->
</testng-results>
