<?xml version="1.0" encoding="UTF-8"?>
<!-- Generated by org.testng.reporters.JUnitXMLReporter -->
<testsuite hostname="HSNMM-AbhishekB" name="CRM" tests="4" failures="1" timestamp="9 Feb 2017 06:46:14 GMT" time="25.071" errors="0">
  <testcase name="logInToCRM" time="3.909" classname="com.hs18.Test.CRM.LogInTest">
    <failure type="java.lang.AssertionError" message="expected [Invalid credential] but found [Invalid credentials]">
      <![CDATA[java.lang.AssertionError: expected [Invalid credential] but found [Invalid credentials]
	at com.hs18.Test.CRM.LogInTest.logInToCRM(LogInTest.java)
... Removed 29 stack frames]]>
    </failure>
  </testcase> <!-- logInToCRM -->
  <testcase name="logInToCRM" time="2.854" classname="com.hs18.Test.CRM.LogInTest"/>
  <testcase name="callernoTest" time="13.439" classname="com.hs18.Test.CRM.OrderBookingTest"/>
  <testcase name="searchProductTest" time="3.066" classname="com.hs18.Test.CRM.OrderBookingTest"/>
</testsuite> <!-- CRM -->
