<?xml version="1.0" encoding="UTF-8"?>
<testng-results skipped="0" failed="0" total="2" passed="2">
  <reporter-output>
  </reporter-output>
  <suite name="Smoke" duration-ms="2577639" started-at="2017-01-03T06:04:07Z" finished-at="2017-01-03T06:47:04Z">
    <groups>
    </groups>
    <test name="Courier" duration-ms="2577639" started-at="2017-01-03T06:04:07Z" finished-at="2017-01-03T06:47:04Z">
      <class name="com.hs18.TestDataCreation.CourierTrackDataCreation">
        <test-method status="PASS" signature="setDriver(java.lang.String, java.lang.String, java.lang.String, java.lang.String, java.lang.String, java.lang.String, java.lang.String, java.lang.String)[pri:0, instance:com.hs18.TestDataCreation.CourierTrackDataCreation@45ff5109]" name="setDriver" is-config="true" duration-ms="9550" started-at="2017-01-03T11:33:57Z" finished-at="2017-01-03T11:34:07Z">
          <params>
            <param index="0">
              <value>
                <![CDATA[CRM]]>
              </value>
            </param>
            <param index="1">
              <value>
                <![CDATA[Preprod]]>
              </value>
            </param>
            <param index="2">
              <value>
                <![CDATA[Smoke]]>
              </value>
            </param>
            <param index="3">
              <value>
                <![CDATA[chrome]]>
              </value>
            </param>
            <param index="4">
              <value>
                <![CDATA[E:\Projects\HS18Automation\UIAutomation\QAAutomation\TestFile\TestDataCreation.xls]]>
              </value>
            </param>
            <param index="5">
              <value>
                <![CDATA[Extent.html]]>
              </value>
            </param>
            <param index="6">
              <value>
                <![CDATA[abhishek.bisht@homeshop18.com]]>
              </value>
            </param>
            <param index="7">
              <value>
                <![CDATA[E:\Projects\HS18Automation\UIAutomation\QAAutomation]]>
              </value>
            </param>
          </params>
          <reporter-output>
          </reporter-output>
        </test-method> <!-- setDriver -->
        <test-method status="PASS" signature="beforeFielSet()[pri:0, instance:com.hs18.TestDataCreation.CourierTrackDataCreation@45ff5109]" name="beforeFielSet" is-config="true" duration-ms="0" started-at="2017-01-03T11:34:07Z" finished-at="2017-01-03T11:34:07Z">
          <reporter-output>
          </reporter-output>
        </test-method> <!-- beforeFielSet -->
        <test-method status="PASS" signature="forwardCourier(java.util.ArrayList, java.util.ArrayList, java.util.ArrayList, java.util.ArrayList, java.util.ArrayList)[pri:0, instance:com.hs18.TestDataCreation.CourierTrackDataCreation@45ff5109]" name="forwardCourier" duration-ms="2577575" started-at="2017-01-03T11:34:07Z" description="PstUpdate" data-provider="detail" finished-at="2017-01-03T12:17:04Z">
          <params>
            <param index="0">
              <value>
                <![CDATA[[41357345263, 41357345264, 41357345265, 41357345266, 41357345267, 41357345268, 41357345269, 41357345270, 41357345271, 41357345272, 41357345273, 41357345274, 41357345275, 41357345276, 41357345277, 41357345278, 41357345279, 41357345280, 41357345281, 41357345282]]]>
              </value>
            </param>
            <param index="1">
              <value>
                <![CDATA[[143057479, 143308443, 143490613, 143416429, 143386393, 143310201, 143331045, 143474289, 143459377, 143455019, 142588985, 142752625, 142306689, 142899121, 142750411, 143057453, 142307637, 143073611, 143049559, 142450521]]]>
              </value>
            </param>
            <param index="2">
              <value>
                <![CDATA[[N, N, N, N, N, N, N, N, N, N, N, N, N, N, N, N, N, N, N, N]]]>
              </value>
            </param>
            <param index="3">
              <value>
                <![CDATA[[500047, 500047, 500047, 500047, 500047, 500077, 500077, 500077, 500077, 500077, 500077, 500077, 500077, 500077, 500077, 500047, 500047, 500047, 500047, 500047]]]>
              </value>
            </param>
            <param index="4">
              <value>
                <![CDATA[[Ecom Express, Ecom Express, Ecom Express, Ecom Express, Ecom Express, Ecom Express FOS, Ecom Express FOS, Ecom Express FOS, Ecom Express FOS, Ecom Express FOS, Ecom Express FOS, Ecom Express FOS, Ecom Express FOS, Ecom Express FOS, Ecom Express FOS, Ecom Express, Ecom Express, Ecom Express, Ecom Express, Ecom Express]]]>
              </value>
            </param>
          </params>
          <reporter-output>
          </reporter-output>
        </test-method> <!-- forwardCourier -->
        <test-method status="PASS" signature="NDR(java.util.ArrayList, java.util.ArrayList, java.util.ArrayList, java.util.ArrayList, java.util.ArrayList)[pri:0, instance:com.hs18.TestDataCreation.CourierTrackDataCreation@45ff5109]" name="NDR" duration-ms="2" started-at="2017-01-03T12:17:04Z" description="NDR" data-provider="detail" finished-at="2017-01-03T12:17:04Z">
          <params>
            <param index="0">
              <value>
                <![CDATA[[41357345263, 41357345264, 41357345265, 41357345266, 41357345267, 41357345268, 41357345269, 41357345270, 41357345271, 41357345272, 41357345273, 41357345274, 41357345275, 41357345276, 41357345277, 41357345278, 41357345279, 41357345280, 41357345281, 41357345282]]]>
              </value>
            </param>
            <param index="1">
              <value>
                <![CDATA[[143057479, 143308443, 143490613, 143416429, 143386393, 143310201, 143331045, 143474289, 143459377, 143455019, 142588985, 142752625, 142306689, 142899121, 142750411, 143057453, 142307637, 143073611, 143049559, 142450521]]]>
              </value>
            </param>
            <param index="2">
              <value>
                <![CDATA[[N, N, N, N, N, N, N, N, N, N, N, N, N, N, N, N, N, N, N, N]]]>
              </value>
            </param>
            <param index="3">
              <value>
                <![CDATA[[500047, 500047, 500047, 500047, 500047, 500077, 500077, 500077, 500077, 500077, 500077, 500077, 500077, 500077, 500077, 500047, 500047, 500047, 500047, 500047]]]>
              </value>
            </param>
            <param index="4">
              <value>
                <![CDATA[[Ecom Express, Ecom Express, Ecom Express, Ecom Express, Ecom Express, Ecom Express FOS, Ecom Express FOS, Ecom Express FOS, Ecom Express FOS, Ecom Express FOS, Ecom Express FOS, Ecom Express FOS, Ecom Express FOS, Ecom Express FOS, Ecom Express FOS, Ecom Express, Ecom Express, Ecom Express, Ecom Express, Ecom Express]]]>
              </value>
            </param>
          </params>
          <reporter-output>
          </reporter-output>
        </test-method> <!-- NDR -->
        <test-method status="PASS" signature="driverClose()[pri:0, instance:com.hs18.TestDataCreation.CourierTrackDataCreation@45ff5109]" name="driverClose" is-config="true" duration-ms="1320" started-at="2017-01-03T12:17:04Z" finished-at="2017-01-03T12:17:06Z">
          <reporter-output>
          </reporter-output>
        </test-method> <!-- driverClose -->
      </class> <!-- com.hs18.TestDataCreation.CourierTrackDataCreation -->
    </test> <!-- Courier -->
  </suite> <!-- Smoke -->
</testng-results>
